{"D:\\School\\devops\\avans-devops-2324-lars\\api\\routes\\index.js": {"path":"D:\\School\\devops\\avans-devops-2324-lars\\api\\routes\\index.js","statementMap":{"0":{"start":{"line":1,"column":16},"end":{"line":1,"column":34}},"1":{"start":{"line":2,"column":15},"end":{"line":2,"column":31}},"2":{"start":{"line":4,"column":0},"end":{"line":4,"column":27}},"3":{"start":{"line":7,"column":0},"end":{"line":9,"column":2}},"4":{"start":{"line":8,"column":2},"end":{"line":8,"column":43}},"5":{"start":{"line":11,"column":0},"end":{"line":11,"column":23}}},"fnMap":{"0":{"name":"(anonymous_0)","decl":{"start":{"line":7,"column":16},"end":{"line":7,"column":17}},"loc":{"start":{"line":7,"column":42},"end":{"line":9,"column":1}},"line":7}},"branchMap":{},"s":{"0":3,"1":3,"2":3,"3":3,"4":1,"5":3},"f":{"0":1},"b":{},"_coverageSchema":"1a1c01bbd47fc00a2c39e90264f33305004495a9","hash":"b0e8d9fc9e20f25976839ffc096b7a7107110969"}
,"D:\\School\\devops\\avans-devops-2324-lars\\api\\routes\\users.js": {"path":"D:\\School\\devops\\avans-devops-2324-lars\\api\\routes\\users.js","statementMap":{"0":{"start":{"line":1,"column":16},"end":{"line":1,"column":34}},"1":{"start":{"line":2,"column":15},"end":{"line":2,"column":31}},"2":{"start":{"line":4,"column":15},"end":{"line":4,"column":46}},"3":{"start":{"line":7,"column":0},"end":{"line":11,"column":2}},"4":{"start":{"line":8,"column":16},"end":{"line":8,"column":61}},"5":{"start":{"line":10,"column":2},"end":{"line":10,"column":17}},"6":{"start":{"line":13,"column":0},"end":{"line":19,"column":2}},"7":{"start":{"line":14,"column":2},"end":{"line":18,"column":44}},"8":{"start":{"line":16,"column":20},"end":{"line":16,"column":65}},"9":{"start":{"line":18,"column":18},"end":{"line":18,"column":43}},"10":{"start":{"line":21,"column":0},"end":{"line":21,"column":23}}},"fnMap":{"0":{"name":"(anonymous_0)","decl":{"start":{"line":7,"column":16},"end":{"line":7,"column":17}},"loc":{"start":{"line":7,"column":48},"end":{"line":11,"column":1}},"line":7},"1":{"name":"(anonymous_1)","decl":{"start":{"line":13,"column":17},"end":{"line":13,"column":18}},"loc":{"start":{"line":13,"column":43},"end":{"line":19,"column":1}},"line":13},"2":{"name":"(anonymous_2)","decl":{"start":{"line":16,"column":10},"end":{"line":16,"column":11}},"loc":{"start":{"line":16,"column":20},"end":{"line":16,"column":65}},"line":16},"3":{"name":"(anonymous_3)","decl":{"start":{"line":18,"column":11},"end":{"line":18,"column":12}},"loc":{"start":{"line":18,"column":18},"end":{"line":18,"column":43}},"line":18}},"branchMap":{},"s":{"0":3,"1":3,"2":3,"3":3,"4":1,"5":1,"6":3,"7":1,"8":1,"9":0,"10":3},"f":{"0":1,"1":1,"2":1,"3":0},"b":{},"_coverageSchema":"1a1c01bbd47fc00a2c39e90264f33305004495a9","hash":"1b84354e180cacddb68f466a125758d52750aa09"}
,"D:\\School\\devops\\avans-devops-2324-lars\\api\\services\\database.js": {"path":"D:\\School\\devops\\avans-devops-2324-lars\\api\\services\\database.js","statementMap":{"0":{"start":{"line":1,"column":24},"end":{"line":1,"column":42}},"1":{"start":{"line":3,"column":12},"end":{"line":3,"column":33}},"2":{"start":{"line":4,"column":0},"end":{"line":4,"column":17}},"3":{"start":{"line":5,"column":15},"end":{"line":5,"column":35}},"4":{"start":{"line":7,"column":11},"end":{"line":7,"column":41}},"5":{"start":{"line":9,"column":0},"end":{"line":12,"column":1}}},"fnMap":{},"branchMap":{},"s":{"0":3,"1":3,"2":3,"3":3,"4":3,"5":3},"f":{},"b":{},"_coverageSchema":"1a1c01bbd47fc00a2c39e90264f33305004495a9","hash":"00eac356381fd3f6a97c5168a3dbbbc0d5dc8219"}
}
